/COM,ANSYS RELEASE 2025 R1           BUILD 25.1      UP20241202       16:26:39

 *** WARNING ***                         CP =       0.062   TIME= 16:26:40
 Element shape checking is currently inactive.  Issue SHPP,ON or         
 SHPP,WARN to reactivate, if desired.                                    

 *** WARNING ***                         CP =       0.062   TIME= 16:26:40
 Material number 2 (used by element 101) should normally have at least   
 one MP or one TB type command associated with it.  Output of energy by  
 material may not be available.                                          
/COM,ANSYS RELEASE 2025 R1           BUILD 25.1      UP20241202       14:22:38

 *** WARNING ***                         CP =       0.203   TIME= 14:22:39
 UY is not a valid degree of freedom for this solution.  The DOF         
 command may be used to add degrees of freedom.                          

 *** WARNING ***                         CP =       0.203   TIME= 14:22:39
 Some entities requested in the *VGET were undefined.                    

 *** WARNING ***                         CP =       0.203   TIME= 14:22:39
 No *DO trips needed, enter *ENDDO .                                     
/COM,ANSYS RELEASE 2025 R1           BUILD 25.1      UP20241202       14:24:17

 *** WARNING ***                         CP =       0.188   TIME= 14:24:18
 No *DO trips needed, enter *ENDDO .                                     

 *** WARNING ***                         CP =       0.188   TIME= 14:24:18
 No *DO trips needed, enter *ENDDO .                                     
/COM,ANSYS RELEASE 2025 R1           BUILD 25.1      UP20241202       14:25:30

 *** WARNING ***                         CP =       0.094   TIME= 14:25:31
 No *DO trips needed, enter *ENDDO .                                     

 *** WARNING ***                         CP =       0.094   TIME= 14:25:31
 No *DO trips needed, enter *ENDDO .                                     
